<?xml version="1.0" encoding="UTF-8" ?>
<testsuite failures="0" time="0.054" errors="0" skipped="0" tests="1" name="com.ctrip.sysdev.AppTest">
  <properties>
    <property name="java.runtime.name" value="Java(TM) SE Runtime Environment"/>
    <property name="sun.boot.library.path" value="D:\java\jre\bin"/>
    <property name="java.vm.version" value="20.0-b11"/>
    <property name="java.vm.vendor" value="Sun Microsystems Inc."/>
    <property name="java.vendor.url" value="http://java.sun.com/"/>
    <property name="path.separator" value=";"/>
    <property name="java.vm.name" value="Java HotSpot(TM) Client VM"/>
    <property name="file.encoding.pkg" value="sun.io"/>
    <property name="user.country" value="CN"/>
    <property name="sun.java.launcher" value="SUN_STANDARD"/>
    <property name="sun.os.patch.level" value="Service Pack 1"/>
    <property name="java.vm.specification.name" value="Java Virtual Machine Specification"/>
    <property name="user.dir" value="E:\eclipse\workspace\dao"/>
    <property name="java.runtime.version" value="1.6.0_25-b06"/>
    <property name="java.awt.graphicsenv" value="sun.awt.Win32GraphicsEnvironment"/>
    <property name="basedir" value="E:\eclipse\workspace\dao"/>
    <property name="java.endorsed.dirs" value="D:\java\jre\lib\endorsed"/>
    <property name="os.arch" value="x86"/>
    <property name="surefire.real.class.path" value="d:\Users\gawu\AppData\Local\Temp\surefirebooter6582131110107924637.jar"/>
    <property name="java.io.tmpdir" value="d:\Users\gawu\AppData\Local\Temp\"/>
    <property name="line.separator" value="
"/>
    <property name="java.vm.specification.vendor" value="Sun Microsystems Inc."/>
    <property name="user.variant" value=""/>
    <property name="os.name" value="Windows 7"/>
    <property name="sun.jnu.encoding" value="GBK"/>
    <property name="java.library.path" value="D:\java\jre\bin;.;C:\Windows\Sun\Java\bin;C:\Windows\system32;C:\Windows;%SystemRoot%\system32\WindowsPowerShell\v1.0\;C:\Windows\Microsoft.NET\Framework64\v4.0.30319;D:\sitescanner\runtime\Python27;D:\sitescanner\runtime\Python27\Scripts;D:\MinGW\bin;C:\Windows\system32;C:\Windows;C:\Windows\System32\Wbem;C:\Windows\System32\WindowsPowerShell\v1.0\;C:\Program Files (x86)\FrontRange Solutions\Service Management\;C:\Program Files (x86)\Microsoft SQL Server\100\Tools\Binn\VSShell\Common7\IDE\;C:\Program Files (x86)\Microsoft SQL Server\100\Tools\Binn\;C:\Program Files (x86)\Microsoft Visual Studio 9.0\Common7\IDE\PrivateAssemblies\;C:\Program Files (x86)\Microsoft SQL Server\100\DTS\Binn\;C:\Program Files\Microsoft SQL Server\100\Tools\Binn\;C:\Program Files\Microsoft SQL Server\100\DTS\Binn\;C:\Program Files\Microsoft Network Monitor 3\;C:\Program Files (x86)\Microsoft ASP.NET\ASP.NET Web Pages\v1.0\;C:\Program Files\TortoiseSVN\bin;D:\Cygwin\bin;D:\Cygwin\usr\sbin;c:\Program Files (x86)\Microsoft SQL Server\90\Tools\bin\;C:\Program Files (x86)\Microsoft Team Foundation Server 2010 Power Tools\;C:\Program Files (x86)\Microsoft Team Foundation Server 2010 Power Tools\Best Practices Analyzer\;C:\Program Files (x86)\Microsoft SDKs\Windows\v7.0A\Bin;C:\Windows\Microsoft.NET\Framework64\v4.0.30319;C:\Program Files (x86)\NUnit 2.6.2\bin;D:/java\bin;E:\codes\OneKeyNPanday\maven2\bin;E:\hadoop\findbugs-2.0.2\bin;C:\Program Files (x86)\Microsoft Visual Studio 10.0\Common7\IDE;"/>
    <property name="surefire.test.class.path" value="E:\eclipse\workspace\dao\target\test-classes;E:\eclipse\workspace\dao\target\classes;d:\Users\gawu\.m2\repository\junit\junit\3.8.1\junit-3.8.1.jar;d:\Users\gawu\.m2\repository\org\javassist\javassist\3.16.1-GA\javassist-3.16.1-GA.jar;d:\Users\gawu\.m2\repository\com\googlecode\json-simple\json-simple\1.1.1\json-simple-1.1.1.jar;d:\Users\gawu\.m2\repository\org\msgpack\msgpack\0.6.8-SNAPSHOT\msgpack-0.6.8-SNAPSHOT.jar;d:\Users\gawu\.m2\repository\mysql\mysql-connector-java\5.1.25\mysql-connector-java-5.1.25.jar;d:\Users\gawu\.m2\repository\com\microsoft\sqlserver\sqljdbc\4.0\sqljdbc-4.0.jar;"/>
    <property name="java.specification.name" value="Java Platform API Specification"/>
    <property name="java.class.version" value="50.0"/>
    <property name="sun.management.compiler" value="HotSpot Client Compiler"/>
    <property name="os.version" value="6.1"/>
    <property name="user.home" value="d:\Users\gawu"/>
    <property name="user.timezone" value=""/>
    <property name="java.awt.printerjob" value="sun.awt.windows.WPrinterJob"/>
    <property name="java.specification.version" value="1.6"/>
    <property name="file.encoding" value="GBK"/>
    <property name="user.name" value="gawu"/>
    <property name="java.class.path" value="E:\eclipse\workspace\dao\target\test-classes;E:\eclipse\workspace\dao\target\classes;d:\Users\gawu\.m2\repository\junit\junit\3.8.1\junit-3.8.1.jar;d:\Users\gawu\.m2\repository\org\javassist\javassist\3.16.1-GA\javassist-3.16.1-GA.jar;d:\Users\gawu\.m2\repository\com\googlecode\json-simple\json-simple\1.1.1\json-simple-1.1.1.jar;d:\Users\gawu\.m2\repository\org\msgpack\msgpack\0.6.8-SNAPSHOT\msgpack-0.6.8-SNAPSHOT.jar;d:\Users\gawu\.m2\repository\mysql\mysql-connector-java\5.1.25\mysql-connector-java-5.1.25.jar;d:\Users\gawu\.m2\repository\com\microsoft\sqlserver\sqljdbc\4.0\sqljdbc-4.0.jar;"/>
    <property name="java.vm.specification.version" value="1.0"/>
    <property name="sun.arch.data.model" value="32"/>
    <property name="java.home" value="D:\java\jre"/>
    <property name="sun.java.command" value="d:\Users\gawu\AppData\Local\Temp\surefirebooter6582131110107924637.jar d:\Users\gawu\AppData\Local\Temp\surefire5498945718130411802tmp d:\Users\gawu\AppData\Local\Temp\surefire4811344772632312964tmp"/>
    <property name="java.specification.vendor" value="Sun Microsystems Inc."/>
    <property name="user.language" value="zh"/>
    <property name="awt.toolkit" value="sun.awt.windows.WToolkit"/>
    <property name="java.vm.info" value="mixed mode, sharing"/>
    <property name="java.version" value="1.6.0_25"/>
    <property name="java.ext.dirs" value="D:\java\jre\lib\ext;C:\Windows\Sun\Java\lib\ext"/>
    <property name="sun.boot.class.path" value="D:\java\jre\lib\resources.jar;D:\java\jre\lib\rt.jar;D:\java\jre\lib\sunrsasign.jar;D:\java\jre\lib\jsse.jar;D:\java\jre\lib\jce.jar;D:\java\jre\lib\charsets.jar;D:\java\jre\lib\modules\jdk.boot.jar;D:\java\jre\classes"/>
    <property name="java.vendor" value="Sun Microsystems Inc."/>
    <property name="localRepository" value="d:\Users\gawu/.m2/repository/"/>
    <property name="file.separator" value="\"/>
    <property name="java.vendor.url.bug" value="http://java.sun.com/cgi-bin/bugreport.cgi"/>
    <property name="sun.cpu.endian" value="little"/>
    <property name="sun.io.unicode.encoding" value="UnicodeLittle"/>
    <property name="sun.desktop" value="windows"/>
    <property name="sun.cpu.isalist" value="pentium_pro+mmx pentium_pro pentium+mmx pentium i486 i386 i86"/>
  </properties>
  <testcase time="0.004" classname="com.ctrip.sysdev.AppTest" name="testApp"/>
</testsuite>